[2019-03-25T10:38:29.070][ INFO  14896  index] 1698
[2019-03-25T10:38:30.294][ INFO  14896  index] req { startTime: '2018-01',
  endTime: '2019-01',
  time: '季度',
  selectBusinessCirle: '全部' }
[2019-03-25T10:38:30.294][ INFO  14896  index] req { startTime: '2018-01',
  endTime: '2019-01',
  time: '季度',
  selectBusinessCirle: '全部' }
[2019-03-25T17:18:31.994][ INFO  33359  index] 1698
[2019-03-25T17:18:34.846][ INFO  33359  index] 1698
[2019-03-25T17:18:35.691][ INFO  33359  index] req { startTime: '2018-01',
  endTime: '2019-01',
  time: '季度',
  selectBusinessCirle: '全部' }
[2019-03-25T17:18:35.692][ INFO  33359  index] req { startTime: '2018-01',
  endTime: '2019-01',
  time: '季度',
  selectBusinessCirle: '全部' }
[2019-03-25T17:21:21.339][ INFO  33359  index] 1698
[2019-03-25T17:22:56.260][ INFO  33359  index] 1698
[2019-03-25T17:22:58.416][ INFO  33359  index] 1698
