[2019-03-16T14:22:40.615][ INFO  9076  index] 1698
[2019-03-16T14:22:45.756][ INFO  9076  index] 1698
[2019-03-16T14:22:45.910][ INFO  9076  index] req { startTime: '2018-01',
  endTime: '2019-01',
  time: '季度',
  selectBusinessCirle: '全部' }
[2019-03-16T14:22:45.914][ INFO  9076  index] req { startTime: '2018-01',
  endTime: '2019-01',
  time: '季度',
  selectBusinessCirle: '全部' }
[2019-03-16T14:25:10.580][ INFO  9076  index] 1698
[2019-03-16T14:25:11.914][ INFO  9076  index] req { startTime: '2018-01',
  endTime: '2019-01',
  time: '季度',
  selectBusinessCirle: '全部' }
[2019-03-16T14:25:11.937][ INFO  9076  index] req { startTime: '2018-01',
  endTime: '2019-01',
  time: '季度',
  selectBusinessCirle: '全部' }
[2019-03-16T14:28:58.942][ INFO  9076  index] 1698
[2019-03-16T14:28:59.991][ INFO  9076  index] req { startTime: '2018-01',
  endTime: '2019-01',
  time: '季度',
  selectBusinessCirle: '全部' }
[2019-03-16T14:29:00.017][ INFO  9076  index] req { startTime: '2018-01',
  endTime: '2019-01',
  time: '季度',
  selectBusinessCirle: '全部' }
