[2019-03-15T08:21:46.613][ INFO  7748  index] 1698
[2019-03-15T08:27:23.652][ INFO  9676  index] 1698
[2019-03-15T08:28:08.520][ INFO  8276  index] 1698
[2019-03-15T08:29:21.675][ INFO  8276  index] 1698
[2019-03-15T08:30:30.802][ INFO  8276  index] 1698
[2019-03-15T08:30:41.941][ INFO  8276  index] 1698
[2019-03-15T08:30:49.559][ INFO  8276  index] 2
[2019-03-15T08:30:50.526][ INFO  8276  index] 9
[2019-03-15T08:31:20.614][ INFO  8276  index] 290
[2019-03-15T08:31:21.422][ INFO  8276  index] 8
[2019-03-15T08:31:22.572][ INFO  8276  index] 0
[2019-03-15T08:31:23.845][ INFO  8276  index] 2
[2019-03-15T08:31:24.888][ INFO  8276  index] 0
[2019-03-15T08:31:29.119][ INFO  8276  index] 2
[2019-03-15T08:31:30.945][ INFO  8276  index] 1
[2019-03-15T08:35:47.430][ INFO  8276  index] 1698
[2019-03-15T08:39:43.400][ INFO  8276  index] 1698
[2019-03-15T08:39:59.230][ INFO  8276  index] 1698
[2019-03-15T08:40:17.876][ INFO  8276  index] 1698
[2019-03-15T08:48:11.568][ INFO  8276  index] 1698
[2019-03-15T08:48:18.896][ INFO  8276  index] 1698
[2019-03-15T08:49:28.838][ INFO  8276  index] 1698
[2019-03-15T08:49:35.078][ INFO  8276  index] 1698
[2019-03-15T08:51:00.029][ INFO  8276  index] 1698
[2019-03-15T08:51:29.290][ INFO  8276  index] 1698
[2019-03-15T08:51:33.321][ INFO  8276  index] 1698
[2019-03-15T08:56:19.333][ INFO  8276  index] 1698
[2019-03-15T08:56:23.254][ INFO  8276  index] 1698
[2019-03-15T08:56:24.173][ INFO  8276  index] req { startTime: '2018-01',
  endTime: '2019-01',
  time: '季度',
  selectBusinessCirle: '全部' }
[2019-03-15T08:56:24.178][ INFO  8276  index] req { startTime: '2018-01',
  endTime: '2019-01',
  time: '季度',
  selectBusinessCirle: '全部' }
[2019-03-15T08:56:32.490][ INFO  8276  index] req { startTime: '2018-02',
  endTime: '2019-01',
  time: '季度',
  selectBusinessCirle: '全部' }
[2019-03-15T08:58:20.798][ INFO  8276  index] req { startTime: '2018-01',
  endTime: '2019-01',
  time: '季度',
  selectBusinessCirle: '全部' }
[2019-03-15T08:58:20.804][ INFO  8276  index] req { startTime: '2018-01',
  endTime: '2019-01',
  time: '季度',
  selectBusinessCirle: '全部' }
[2019-03-15T08:58:24.531][ INFO  8276  index] 1698
[2019-03-15T08:58:33.704][ INFO  8276  index] 1698
[2019-03-15T08:58:34.775][ INFO  8276  index] req { startTime: '2018-01',
  endTime: '2019-01',
  time: '季度',
  selectBusinessCirle: '全部' }
[2019-03-15T08:58:34.777][ INFO  8276  index] req { startTime: '2018-01',
  endTime: '2019-01',
  time: '季度',
  selectBusinessCirle: '全部' }
[2019-03-15T08:58:53.007][ INFO  8276  index] req { startTime: '2015-01',
  endTime: '2019-01',
  time: '季度',
  selectBusinessCirle: '全部' }
[2019-03-15T08:59:23.361][ INFO  8276  index] req { startTime: '2018-01',
  endTime: '2019-01',
  time: '季度',
  selectBusinessCirle: '全部' }
[2019-03-15T08:59:23.365][ INFO  8276  index] req { startTime: '2018-01',
  endTime: '2019-01',
  time: '季度',
  selectBusinessCirle: '全部' }
[2019-03-15T09:00:18.662][ INFO  8276  index] 1698
[2019-03-15T09:00:22.542][ INFO  8276  index] req { startTime: '2018-01',
  endTime: '2019-01',
  time: '季度',
  selectBusinessCirle: '全部' }
[2019-03-15T09:00:23.275][ INFO  8276  index] req { startTime: '2018-01',
  endTime: '2019-01',
  time: '季度',
  selectBusinessCirle: '全部' }
[2019-03-15T09:00:40.319][ INFO  8276  index] 1698
[2019-03-15T09:00:41.768][ INFO  8276  index] req { startTime: '2018-01',
  endTime: '2019-01',
  time: '季度',
  selectBusinessCirle: '全部' }
[2019-03-15T09:01:01.763][ INFO  8276  index] req { startTime: '2018-01',
  endTime: '2019-01',
  time: '季度',
  selectBusinessCirle: '全部' }
[2019-03-15T09:01:39.184][ INFO  8276  index] 1698
[2019-03-15T09:03:12.691][ INFO  8276  index] 1698
[2019-03-15T09:12:43.289][ INFO  2620  index] 1698
[2019-03-15T09:12:44.289][ INFO  2620  index] req { startTime: '2018-01',
  endTime: '2019-01',
  time: '季度',
  selectBusinessCirle: '全部' }
[2019-03-15T09:12:44.294][ INFO  2620  index] req { startTime: '2018-01',
  endTime: '2019-01',
  time: '季度',
  selectBusinessCirle: '全部' }
[2019-03-15T09:13:16.540][ INFO  2620  index] req { startTime: '2018-01',
  endTime: '2019-01',
  time: '季度',
  selectBusinessCirle: '全部' }
[2019-03-15T09:13:16.675][ INFO  2620  index] req { startTime: '2018-01',
  endTime: '2019-01',
  time: '季度',
  selectBusinessCirle: '全部' }
[2019-03-15T09:13:18.564][ INFO  2620  index] 1698
[2019-03-15T09:13:24.053][ INFO  2620  index] 1698
[2019-03-15T09:13:37.371][ INFO  10724  index] req { startTime: '2018-01',
  endTime: '2019-01',
  time: '季度',
  selectBusinessCirle: '全部' }
[2019-03-15T09:13:38.256][ INFO  10724  index] req { startTime: '2018-01',
  endTime: '2019-01',
  time: '季度',
  selectBusinessCirle: '全部' }
[2019-03-15T09:13:48.512][ INFO  10724  index] req { startTime: '2018-01',
  endTime: '2019-01',
  time: '季度',
  selectBusinessCirle: '全部' }
[2019-03-15T09:13:57.733][ INFO  10724  index] req { startTime: '2018-01',
  endTime: '2019-01',
  time: '季度',
  selectBusinessCirle: '全部' }
[2019-03-15T09:14:10.322][ INFO  10724  index] req { startTime: '2018-01',
  endTime: '2019-01',
  time: '季度',
  selectBusinessCirle: '全部' }
[2019-03-15T09:17:06.936][ INFO  10724  index] req { startTime: '2018-01',
  endTime: '2019-01',
  time: '季度',
  selectBusinessCirle: '全部' }
[2019-03-15T09:17:06.972][ INFO  10724  index] req { startTime: '2018-01',
  endTime: '2019-01',
  time: '季度',
  selectBusinessCirle: '全部' }
[2019-03-15T09:17:09.880][ INFO  10724  index] req { startTime: '2018-01',
  endTime: '2019-01',
  time: '季度',
  selectBusinessCirle: '全部' }
[2019-03-15T09:17:09.887][ INFO  10724  index] req { startTime: '2018-01',
  endTime: '2019-01',
  time: '季度',
  selectBusinessCirle: '全部' }
[2019-03-15T09:17:26.788][ INFO  10724  index] req { startTime: '2018-01',
  endTime: '2019-01',
  time: '季度',
  selectBusinessCirle: '全部' }
[2019-03-15T09:17:46.730][ INFO  10724  index] req { startTime: '2018-01',
  endTime: '2019-01',
  time: '季度',
  selectBusinessCirle: '全部' }
[2019-03-15T09:17:55.285][ INFO  10724  index] req { startTime: '2018-01',
  endTime: '2019-01',
  time: '季度',
  selectBusinessCirle: '全部' }
[2019-03-15T09:18:42.060][ INFO  10724  index] req { startTime: '2018-01',
  endTime: '2019-01',
  time: '季度',
  selectBusinessCirle: '全部' }
[2019-03-15T09:18:42.073][ INFO  10724  index] req { startTime: '2018-01',
  endTime: '2019-01',
  time: '季度',
  selectBusinessCirle: '全部' }
[2019-03-15T09:18:58.940][ INFO  10724  index] req { startTime: '2018-03',
  endTime: '2019-01',
  time: '季度',
  selectBusinessCirle: '全部' }
[2019-03-15T09:20:30.776][ INFO  10724  index] req { startTime: '2018-01',
  endTime: '2019-01',
  time: '季度',
  selectBusinessCirle: '全部' }
[2019-03-15T09:20:30.792][ INFO  10724  index] req { startTime: '2018-01',
  endTime: '2019-01',
  time: '季度',
  selectBusinessCirle: '全部' }
[2019-03-15T09:20:38.231][ INFO  10724  index] req { startTime: '2018-01',
  endTime: '2019-01',
  time: '季度',
  selectBusinessCirle: '全部' }
[2019-03-15T09:20:38.270][ INFO  10724  index] req { startTime: '2018-01',
  endTime: '2019-01',
  time: '季度',
  selectBusinessCirle: '全部' }
[2019-03-15T09:20:41.252][ INFO  10724  index] req { startTime: '2018-01',
  endTime: '2019-01',
  time: '季度',
  selectBusinessCirle: '全部' }
[2019-03-15T09:21:04.998][ INFO  10724  index] req { startTime: '2018-01',
  endTime: '2019-01',
  time: '季度',
  selectBusinessCirle: '全部' }
[2019-03-15T09:24:41.440][ INFO  9800  index] req { startTime: '2018-01',
  endTime: '2019-01',
  time: '季度',
  selectBusinessCirle: '全部' }
[2019-03-15T09:24:41.634][ INFO  9800  index] req { startTime: '2018-01',
  endTime: '2019-01',
  time: '季度',
  selectBusinessCirle: '全部' }
[2019-03-15T09:26:45.732][ INFO  6300  index] req { startTime: '2018-01',
  endTime: '2019-01',
  time: '季度',
  selectBusinessCirle: '全部' }
[2019-03-15T09:26:45.852][ INFO  6300  index] req { startTime: '2018-01',
  endTime: '2019-01',
  time: '季度',
  selectBusinessCirle: '全部' }
[2019-03-15T09:26:52.446][ INFO  6300  index] 1698
[2019-03-15T09:27:00.660][ INFO  6300  index] 1698
[2019-03-15T09:27:05.919][ INFO  6300  index] req { startTime: '2018-01',
  endTime: '2019-01',
  time: '季度',
  selectBusinessCirle: '全部' }
[2019-03-15T09:27:05.993][ INFO  6300  index] req { startTime: '2018-01',
  endTime: '2019-01',
  time: '季度',
  selectBusinessCirle: '全部' }
[2019-03-15T09:27:06.016][ INFO  6300  index] 1698
[2019-03-15T09:27:10.105][ INFO  6300  index] 1698
[2019-03-15T22:07:53.844][ INFO  11632  index] 1698
[2019-03-15T22:08:03.545][ INFO  11632  index] 1698
[2019-03-15T22:08:04.794][ INFO  11632  index] req { startTime: '2018-01',
  endTime: '2019-01',
  time: '季度',
  selectBusinessCirle: '全部' }
[2019-03-15T22:08:04.812][ INFO  11632  index] req { startTime: '2018-01',
  endTime: '2019-01',
  time: '季度',
  selectBusinessCirle: '全部' }
