[2019-03-18T09:02:24.862][ INFO  7688  index] 1698
[2019-03-18T09:02:49.482][ INFO  7688  index] 1698
[2019-03-18T09:02:50.514][ INFO  7688  index] req { startTime: '2018-01',
  endTime: '2019-01',
  time: '季度',
  selectBusinessCirle: '全部' }
[2019-03-18T09:02:50.531][ INFO  7688  index] req { startTime: '2018-01',
  endTime: '2019-01',
  time: '季度',
  selectBusinessCirle: '全部' }
[2019-03-18T09:03:51.442][ INFO  7688  index] 1698
[2019-03-18T09:03:57.811][ INFO  7688  index] req { startTime: '2018-01',
  endTime: '2019-01',
  time: '季度',
  selectBusinessCirle: '全部' }
[2019-03-18T09:03:57.834][ INFO  7688  index] req { startTime: '2018-01',
  endTime: '2019-01',
  time: '季度',
  selectBusinessCirle: '全部' }
[2019-03-18T09:06:20.710][ INFO  7688  index] 1698
[2019-03-18T09:06:49.417][ INFO  7688  index] 1698
[2019-03-18T09:06:51.047][ INFO  7688  index] req { startTime: '2018-01',
  endTime: '2019-01',
  time: '季度',
  selectBusinessCirle: '全部' }
[2019-03-18T09:06:51.052][ INFO  7688  index] req { startTime: '2018-01',
  endTime: '2019-01',
  time: '季度',
  selectBusinessCirle: '全部' }
[2019-03-18T09:09:48.956][ INFO  7688  index] req { startTime: '2018-01',
  endTime: '2019-01',
  time: '季度',
  selectBusinessCirle: '全部' }
[2019-03-18T09:09:48.970][ INFO  7688  index] req { startTime: '2018-01',
  endTime: '2019-01',
  time: '季度',
  selectBusinessCirle: '全部' }
[2019-03-18T09:10:48.388][ INFO  7688  index] req { startTime: '2018-01',
  endTime: '2019-01',
  time: '季度',
  selectBusinessCirle: '全部' }
[2019-03-18T09:10:48.399][ INFO  7688  index] req { startTime: '2018-01',
  endTime: '2019-01',
  time: '季度',
  selectBusinessCirle: '全部' }
[2019-03-18T09:11:18.714][ INFO  10476  index] 1698
[2019-03-18T09:11:21.653][ INFO  10476  index] req { startTime: '2018-01',
  endTime: '2019-01',
  time: '季度',
  selectBusinessCirle: '全部' }
[2019-03-18T09:11:21.666][ INFO  10476  index] req { startTime: '2018-01',
  endTime: '2019-01',
  time: '季度',
  selectBusinessCirle: '全部' }
[2019-03-18T09:11:25.866][ INFO  10476  index] req { startTime: '2018-01',
  endTime: '2019-01',
  time: '季度',
  selectBusinessCirle: '全部' }
[2019-03-18T09:11:25.902][ INFO  10476  index] req { startTime: '2018-01',
  endTime: '2019-01',
  time: '季度',
  selectBusinessCirle: '全部' }
[2019-03-18T09:13:26.433][ INFO  10572  index] req { startTime: '2018-01',
  endTime: '2019-01',
  time: '季度',
  selectBusinessCirle: '全部' }
[2019-03-18T09:13:26.519][ INFO  10572  index] req { startTime: '2018-01',
  endTime: '2019-01',
  time: '季度',
  selectBusinessCirle: '全部' }
[2019-03-18T09:14:17.771][ INFO  10572  index] req { startTime: '2018-01',
  endTime: '2019-01',
  time: '季度',
  selectBusinessCirle: '全部' }
[2019-03-18T09:14:17.801][ INFO  10572  index] req { startTime: '2018-01',
  endTime: '2019-01',
  time: '季度',
  selectBusinessCirle: '全部' }
[2019-03-18T09:17:33.600][ INFO  11108  index] req { startTime: '2018-01',
  endTime: '2019-01',
  time: '季度',
  selectBusinessCirle: '全部' }
[2019-03-18T09:17:33.689][ INFO  11108  index] req { startTime: '2018-01',
  endTime: '2019-01',
  time: '季度',
  selectBusinessCirle: '全部' }
[2019-03-18T09:20:25.059][ INFO  11108  index] req { startTime: '2018-01',
  endTime: '2019-01',
  time: '季度',
  selectBusinessCirle: '全部' }
[2019-03-18T09:20:25.094][ INFO  11108  index] req { startTime: '2018-01',
  endTime: '2019-01',
  time: '季度',
  selectBusinessCirle: '全部' }
[2019-03-18T09:27:40.711][ INFO  11108  index] req { startTime: '2018-01',
  endTime: '2019-01',
  time: '季度',
  selectBusinessCirle: '全部' }
[2019-03-18T09:27:40.771][ INFO  11108  index] req { startTime: '2018-01',
  endTime: '2019-01',
  time: '季度',
  selectBusinessCirle: '全部' }
[2019-03-18T09:28:40.798][ INFO  11108  index] req { startTime: '2018-01',
  endTime: '2019-01',
  time: '季度',
  selectBusinessCirle: '全部' }
[2019-03-18T09:28:40.804][ INFO  11108  index] req { startTime: '2018-01',
  endTime: '2019-01',
  time: '季度',
  selectBusinessCirle: '全部' }
[2019-03-18T09:30:22.702][ INFO  11108  index] req { startTime: '2018-01',
  endTime: '2019-01',
  time: '季度',
  selectBusinessCirle: '全部' }
[2019-03-18T09:30:22.705][ INFO  11108  index] req { startTime: '2018-01',
  endTime: '2019-01',
  time: '季度',
  selectBusinessCirle: '全部' }
[2019-03-18T09:30:29.645][ INFO  11108  index] req { startTime: '2018-01',
  endTime: '2019-01',
  time: '季度',
  selectBusinessCirle: '全部' }
[2019-03-18T09:30:29.680][ INFO  11108  index] req { startTime: '2018-01',
  endTime: '2019-01',
  time: '季度',
  selectBusinessCirle: '全部' }
[2019-03-18T09:30:35.822][ INFO  11108  index] req { startTime: '2018-01',
  endTime: '2019-01',
  time: '季度',
  selectBusinessCirle: '全部' }
[2019-03-18T09:30:35.847][ INFO  11108  index] req { startTime: '2018-01',
  endTime: '2019-01',
  time: '季度',
  selectBusinessCirle: '全部' }
[2019-03-18T09:31:28.600][ INFO  11108  index] req { startTime: '2018-01',
  endTime: '2019-01',
  time: '季度',
  selectBusinessCirle: '全部' }
[2019-03-18T09:31:28.609][ INFO  11108  index] req { startTime: '2018-01',
  endTime: '2019-01',
  time: '季度',
  selectBusinessCirle: '全部' }
[2019-03-18T09:31:53.930][ INFO  11108  index] req { startTime: '2018-01',
  endTime: '2019-01',
  time: '季度',
  selectBusinessCirle: '全部' }
[2019-03-18T09:31:53.973][ INFO  11108  index] req { startTime: '2018-01',
  endTime: '2019-01',
  time: '季度',
  selectBusinessCirle: '全部' }
[2019-03-18T09:33:01.733][ INFO  11108  index] req { startTime: '2018-01',
  endTime: '2019-01',
  time: '季度',
  selectBusinessCirle: '全部' }
[2019-03-18T09:33:01.778][ INFO  11108  index] req { startTime: '2018-01',
  endTime: '2019-01',
  time: '季度',
  selectBusinessCirle: '全部' }
[2019-03-18T09:33:25.454][ INFO  11108  index] req { startTime: '2018-01',
  endTime: '2019-01',
  time: '季度',
  selectBusinessCirle: '全部' }
[2019-03-18T09:33:25.464][ INFO  11108  index] req { startTime: '2018-01',
  endTime: '2019-01',
  time: '季度',
  selectBusinessCirle: '全部' }
[2019-03-18T09:34:54.562][ INFO  11108  index] req { startTime: '2018-01',
  endTime: '2019-01',
  time: '季度',
  selectBusinessCirle: '全部' }
[2019-03-18T09:34:54.568][ INFO  11108  index] req { startTime: '2018-01',
  endTime: '2019-01',
  time: '季度',
  selectBusinessCirle: '全部' }
[2019-03-18T09:35:11.270][ INFO  4472  index] req { startTime: '2018-01',
  endTime: '2019-01',
  time: '季度',
  selectBusinessCirle: '全部' }
[2019-03-18T09:35:11.395][ INFO  4472  index] req { startTime: '2018-01',
  endTime: '2019-01',
  time: '季度',
  selectBusinessCirle: '全部' }
[2019-03-18T09:35:51.372][ INFO  4472  index] req { startTime: '2018-01',
  endTime: '2019-01',
  time: '季度',
  selectBusinessCirle: '全部' }
[2019-03-18T09:35:51.550][ INFO  4472  index] req { startTime: '2018-01',
  endTime: '2019-01',
  time: '季度',
  selectBusinessCirle: '全部' }
[2019-03-18T09:36:00.519][ INFO  4472  index] req { startTime: '2018-01',
  endTime: '2019-01',
  time: '季度',
  selectBusinessCirle: '全部' }
[2019-03-18T09:36:00.604][ INFO  4472  index] req { startTime: '2018-01',
  endTime: '2019-01',
  time: '季度',
  selectBusinessCirle: '全部' }
[2019-03-18T09:37:26.730][ INFO  12156  index] req { startTime: '2018-01',
  endTime: '2019-01',
  time: '季度',
  selectBusinessCirle: '全部' }
[2019-03-18T09:37:26.805][ INFO  12156  index] req { startTime: '2018-01',
  endTime: '2019-01',
  time: '季度',
  selectBusinessCirle: '全部' }
[2019-03-18T09:37:44.031][ INFO  11084  index] req { startTime: '2018-01',
  endTime: '2019-01',
  time: '季度',
  selectBusinessCirle: '全部' }
[2019-03-18T09:37:44.140][ INFO  11084  index] req { startTime: '2018-01',
  endTime: '2019-01',
  time: '季度',
  selectBusinessCirle: '全部' }
[2019-03-18T09:40:05.190][ INFO  11084  index] req { startTime: '2018-01',
  endTime: '2019-01',
  time: '季度',
  selectBusinessCirle: '全部' }
[2019-03-18T09:40:05.382][ INFO  11084  index] req { startTime: '2018-01',
  endTime: '2019-01',
  time: '季度',
  selectBusinessCirle: '全部' }
[2019-03-18T09:40:20.408][ INFO  8020  index] req { startTime: '2018-01',
  endTime: '2019-01',
  time: '季度',
  selectBusinessCirle: '全部' }
[2019-03-18T09:40:20.537][ INFO  8020  index] req { startTime: '2018-01',
  endTime: '2019-01',
  time: '季度',
  selectBusinessCirle: '全部' }
[2019-03-18T09:42:58.508][ INFO  8020  index] req { startTime: '2018-01',
  endTime: '2019-01',
  time: '季度',
  selectBusinessCirle: '全部' }
[2019-03-18T09:42:58.670][ INFO  8020  index] req { startTime: '2018-01',
  endTime: '2019-01',
  time: '季度',
  selectBusinessCirle: '全部' }
[2019-03-18T09:43:05.326][ INFO  8020  index] req { startTime: '2018-01',
  endTime: '2019-01',
  time: '季度',
  selectBusinessCirle: '全部' }
[2019-03-18T09:43:17.326][ INFO  9304  index] req { startTime: '2018-01',
  endTime: '2019-01',
  time: '季度',
  selectBusinessCirle: '全部' }
[2019-03-18T09:43:17.420][ INFO  9304  index] req { startTime: '2018-01',
  endTime: '2019-01',
  time: '季度',
  selectBusinessCirle: '全部' }
[2019-03-18T09:44:18.908][ INFO  6664  index] req { startTime: '2018-01',
  endTime: '2019-01',
  time: '季度',
  selectBusinessCirle: '全部' }
[2019-03-18T09:44:19.087][ INFO  6664  index] req { startTime: '2018-01',
  endTime: '2019-01',
  time: '季度',
  selectBusinessCirle: '全部' }
[2019-03-18T09:46:55.127][ INFO  6664  index] req { startTime: '2018-01',
  endTime: '2019-01',
  time: '季度',
  selectBusinessCirle: '全部' }
[2019-03-18T09:46:55.395][ INFO  6664  index] req { startTime: '2018-01',
  endTime: '2019-01',
  time: '季度',
  selectBusinessCirle: '全部' }
[2019-03-18T09:47:00.747][ INFO  6664  index] req { startTime: '2018-01',
  endTime: '2019-01',
  time: '季度',
  selectBusinessCirle: '全部' }
[2019-03-18T09:47:00.867][ INFO  6664  index] req { startTime: '2018-01',
  endTime: '2019-01',
  time: '季度',
  selectBusinessCirle: '全部' }
[2019-03-18T09:47:17.816][ INFO  11632  index] req { startTime: '2018-01',
  endTime: '2019-01',
  time: '季度',
  selectBusinessCirle: '全部' }
[2019-03-18T09:47:17.948][ INFO  11632  index] req { startTime: '2018-01',
  endTime: '2019-01',
  time: '季度',
  selectBusinessCirle: '全部' }
[2019-03-18T09:49:15.596][ INFO  6152  index] req { startTime: '2018-01',
  endTime: '2019-01',
  time: '季度',
  selectBusinessCirle: '全部' }
[2019-03-18T09:49:15.678][ INFO  6152  index] req { startTime: '2018-01',
  endTime: '2019-01',
  time: '季度',
  selectBusinessCirle: '全部' }
[2019-03-18T09:49:51.824][ INFO  6152  index] req { startTime: '2018-01',
  endTime: '2019-01',
  time: '季度',
  selectBusinessCirle: '全部' }
[2019-03-18T09:49:52.023][ INFO  6152  index] req { startTime: '2018-01',
  endTime: '2019-01',
  time: '季度',
  selectBusinessCirle: '全部' }
[2019-03-18T09:49:55.595][ INFO  6152  index] req { startTime: '2018-01',
  endTime: '2019-01',
  time: '季度',
  selectBusinessCirle: '全部' }
[2019-03-18T09:49:55.621][ INFO  6152  index] req { startTime: '2018-01',
  endTime: '2019-01',
  time: '季度',
  selectBusinessCirle: '全部' }
[2019-03-18T09:49:58.656][ INFO  6152  index] req { startTime: '2018-01',
  endTime: '2019-01',
  time: '季度',
  selectBusinessCirle: '全部' }
[2019-03-18T09:49:58.772][ INFO  6152  index] req { startTime: '2018-01',
  endTime: '2019-01',
  time: '季度',
  selectBusinessCirle: '全部' }
[2019-03-18T09:50:03.386][ INFO  6152  index] req { startTime: '2018-01',
  endTime: '2019-01',
  time: '季度',
  selectBusinessCirle: '全部' }
[2019-03-18T09:50:03.398][ INFO  6152  index] req { startTime: '2018-01',
  endTime: '2019-01',
  time: '季度',
  selectBusinessCirle: '全部' }
[2019-03-18T09:50:14.509][ INFO  6488  index] req { startTime: '2018-01',
  endTime: '2019-01',
  time: '季度',
  selectBusinessCirle: '全部' }
[2019-03-18T09:50:14.771][ INFO  6488  index] req { startTime: '2018-01',
  endTime: '2019-01',
  time: '季度',
  selectBusinessCirle: '全部' }
[2019-03-18T09:51:32.504][ INFO  6488  index] req { startTime: '2018-01',
  endTime: '2019-01',
  time: '季度',
  selectBusinessCirle: '全部' }
[2019-03-18T09:51:32.713][ INFO  6488  index] req { startTime: '2018-01',
  endTime: '2019-01',
  time: '季度',
  selectBusinessCirle: '全部' }
[2019-03-18T09:51:35.299][ INFO  6488  index] req { startTime: '2018-01',
  endTime: '2019-01',
  time: '季度',
  selectBusinessCirle: '全部' }
[2019-03-18T09:51:35.357][ INFO  6488  index] req { startTime: '2018-01',
  endTime: '2019-01',
  time: '季度',
  selectBusinessCirle: '全部' }
[2019-03-18T09:51:38.084][ INFO  6488  index] req { startTime: '2018-01',
  endTime: '2019-01',
  time: '季度',
  selectBusinessCirle: '全部' }
[2019-03-18T09:51:38.172][ INFO  6488  index] req { startTime: '2018-01',
  endTime: '2019-01',
  time: '季度',
  selectBusinessCirle: '全部' }
[2019-03-18T09:51:53.282][ INFO  8680  index] req { startTime: '2018-01',
  endTime: '2019-01',
  time: '季度',
  selectBusinessCirle: '全部' }
[2019-03-18T09:51:53.370][ INFO  8680  index] req { startTime: '2018-01',
  endTime: '2019-01',
  time: '季度',
  selectBusinessCirle: '全部' }
[2019-03-18T09:52:38.051][ INFO  8680  index] req { startTime: '2018-01',
  endTime: '2019-01',
  time: '季度',
  selectBusinessCirle: '全部' }
[2019-03-18T09:52:38.198][ INFO  8680  index] req { startTime: '2018-01',
  endTime: '2019-01',
  time: '季度',
  selectBusinessCirle: '全部' }
[2019-03-18T09:52:52.846][ INFO  4496  index] req { startTime: '2018-01',
  endTime: '2019-01',
  time: '季度',
  selectBusinessCirle: '全部' }
[2019-03-18T09:52:53.561][ INFO  4496  index] req { startTime: '2018-01',
  endTime: '2019-01',
  time: '季度',
  selectBusinessCirle: '全部' }
[2019-03-18T09:53:51.890][ INFO  7772  index] req { startTime: '2018-01',
  endTime: '2019-01',
  time: '季度',
  selectBusinessCirle: '全部' }
[2019-03-18T09:53:52.043][ INFO  7772  index] req { startTime: '2018-01',
  endTime: '2019-01',
  time: '季度',
  selectBusinessCirle: '全部' }
[2019-03-18T09:54:00.328][ INFO  7772  index] req { startTime: '2018-01',
  endTime: '2019-01',
  time: '季度',
  selectBusinessCirle: '全部' }
[2019-03-18T09:54:00.428][ INFO  7772  index] req { startTime: '2018-01',
  endTime: '2019-01',
  time: '季度',
  selectBusinessCirle: '全部' }
[2019-03-18T09:54:18.403][ INFO  7772  index] req { startTime: '2018-01',
  endTime: '2019-01',
  time: '季度',
  selectBusinessCirle: '全部' }
[2019-03-18T09:54:18.548][ INFO  7772  index] req { startTime: '2018-01',
  endTime: '2019-01',
  time: '季度',
  selectBusinessCirle: '全部' }
[2019-03-18T09:54:21.661][ INFO  7772  index] req { startTime: '2018-01',
  endTime: '2019-01',
  time: '季度',
  selectBusinessCirle: '全部' }
[2019-03-18T09:54:21.790][ INFO  7772  index] req { startTime: '2018-01',
  endTime: '2019-01',
  time: '季度',
  selectBusinessCirle: '全部' }
[2019-03-18T10:04:22.479][ INFO  6276  index] req { startTime: '2018-01',
  endTime: '2019-01',
  time: '季度',
  selectBusinessCirle: '全部' }
[2019-03-18T10:04:22.598][ INFO  6276  index] req { startTime: '2018-01',
  endTime: '2019-01',
  time: '季度',
  selectBusinessCirle: '全部' }
[2019-03-18T10:05:16.305][ INFO  6276  index] req { startTime: '2018-01',
  endTime: '2019-01',
  time: '季度',
  selectBusinessCirle: '全部' }
[2019-03-18T10:05:16.468][ INFO  6276  index] req { startTime: '2018-01',
  endTime: '2019-01',
  time: '季度',
  selectBusinessCirle: '全部' }
[2019-03-18T10:05:24.069][ INFO  6276  index] req { startTime: '2018-01',
  endTime: '2019-01',
  time: '季度',
  selectBusinessCirle: '全部' }
[2019-03-18T10:05:24.193][ INFO  6276  index] req { startTime: '2018-01',
  endTime: '2019-01',
  time: '季度',
  selectBusinessCirle: '全部' }
[2019-03-18T10:06:16.567][ INFO  6276  index] req { startTime: '2018-01',
  endTime: '2019-01',
  time: '季度',
  selectBusinessCirle: '全部' }
[2019-03-18T10:06:16.588][ INFO  6276  index] req { startTime: '2018-01',
  endTime: '2019-01',
  time: '季度',
  selectBusinessCirle: '全部' }
[2019-03-18T10:06:22.169][ INFO  6276  index] req { startTime: '2018-01',
  endTime: '2019-01',
  time: '季度',
  selectBusinessCirle: '全部' }
[2019-03-18T10:06:22.173][ INFO  6276  index] req { startTime: '2018-01',
  endTime: '2019-01',
  time: '季度',
  selectBusinessCirle: '全部' }
[2019-03-18T10:06:24.714][ INFO  6276  index] req { startTime: '2018-01',
  endTime: '2019-01',
  time: '季度',
  selectBusinessCirle: '全部' }
[2019-03-18T10:06:24.720][ INFO  6276  index] req { startTime: '2018-01',
  endTime: '2019-01',
  time: '季度',
  selectBusinessCirle: '全部' }
[2019-03-18T10:06:27.592][ INFO  6276  index] req { startTime: '2018-01',
  endTime: '2019-01',
  time: '季度',
  selectBusinessCirle: '全部' }
[2019-03-18T10:06:27.623][ INFO  6276  index] req { startTime: '2018-01',
  endTime: '2019-01',
  time: '季度',
  selectBusinessCirle: '全部' }
[2019-03-18T10:06:38.510][ INFO  1364  index] req { startTime: '2018-01',
  endTime: '2019-01',
  time: '季度',
  selectBusinessCirle: '全部' }
[2019-03-18T10:06:38.603][ INFO  1364  index] req { startTime: '2018-01',
  endTime: '2019-01',
  time: '季度',
  selectBusinessCirle: '全部' }
[2019-03-18T10:15:41.404][ INFO  1364  index] req { startTime: '2018-01',
  endTime: '2019-01',
  time: '季度',
  selectBusinessCirle: '全部' }
[2019-03-18T10:15:41.523][ INFO  1364  index] req { startTime: '2018-01',
  endTime: '2019-01',
  time: '季度',
  selectBusinessCirle: '全部' }
[2019-03-18T10:15:48.297][ INFO  1364  index] req { startTime: '2018-01',
  endTime: '2019-01',
  time: '季度',
  selectBusinessCirle: '全部' }
[2019-03-18T10:15:48.339][ INFO  1364  index] req { startTime: '2018-01',
  endTime: '2019-01',
  time: '季度',
  selectBusinessCirle: '全部' }
[2019-03-18T10:16:08.785][ INFO  5584  index] req { startTime: '2018-01',
  endTime: '2019-01',
  time: '季度',
  selectBusinessCirle: '全部' }
[2019-03-18T10:16:08.904][ INFO  5584  index] req { startTime: '2018-01',
  endTime: '2019-01',
  time: '季度',
  selectBusinessCirle: '全部' }
[2019-03-18T10:16:51.540][ INFO  5584  index] req { startTime: '2018-01',
  endTime: '2019-01',
  time: '季度',
  selectBusinessCirle: '全部' }
[2019-03-18T10:16:51.707][ INFO  5584  index] req { startTime: '2018-01',
  endTime: '2019-01',
  time: '季度',
  selectBusinessCirle: '全部' }
[2019-03-18T10:19:55.393][ INFO  9552  index] req { startTime: '2018-01',
  endTime: '2019-01',
  time: '季度',
  selectBusinessCirle: '全部' }
[2019-03-18T10:19:55.536][ INFO  9552  index] req { startTime: '2018-01',
  endTime: '2019-01',
  time: '季度',
  selectBusinessCirle: '全部' }
[2019-03-18T10:20:13.749][ INFO  11672  index] req { startTime: '2018-01',
  endTime: '2019-01',
  time: '季度',
  selectBusinessCirle: '全部' }
[2019-03-18T10:20:13.773][ INFO  11672  index] req { startTime: '2018-01',
  endTime: '2019-01',
  time: '季度',
  selectBusinessCirle: '全部' }
[2019-03-18T14:47:05.623][ INFO  1260  index] 1698
[2019-03-18T14:47:06.756][ INFO  1260  index] req { startTime: '2018-01',
  endTime: '2019-01',
  time: '季度',
  selectBusinessCirle: '全部' }
[2019-03-18T14:47:06.800][ INFO  1260  index] req { startTime: '2018-01',
  endTime: '2019-01',
  time: '季度',
  selectBusinessCirle: '全部' }
[2019-03-18T14:47:28.149][ INFO  11896  index] req { startTime: '2018-01',
  endTime: '2019-01',
  time: '季度',
  selectBusinessCirle: '全部' }
[2019-03-18T14:47:28.479][ INFO  11896  index] req { startTime: '2018-01',
  endTime: '2019-01',
  time: '季度',
  selectBusinessCirle: '全部' }
[2019-03-18T14:48:14.114][ INFO  11896  index] req { startTime: '2018-01',
  endTime: '2019-01',
  time: '季度',
  selectBusinessCirle: '全部' }
[2019-03-18T14:48:14.119][ INFO  11896  index] req { startTime: '2018-01',
  endTime: '2019-01',
  time: '季度',
  selectBusinessCirle: '全部' }
[2019-03-18T14:48:28.334][ INFO  8020  index] req { startTime: '2018-01',
  endTime: '2019-01',
  time: '季度',
  selectBusinessCirle: '全部' }
[2019-03-18T14:48:28.471][ INFO  8020  index] req { startTime: '2018-01',
  endTime: '2019-01',
  time: '季度',
  selectBusinessCirle: '全部' }
[2019-03-18T14:50:07.761][ INFO  8020  index] req { startTime: '2018-01',
  endTime: '2019-01',
  time: '季度',
  selectBusinessCirle: '全部' }
[2019-03-18T14:50:07.771][ INFO  8020  index] req { startTime: '2018-01',
  endTime: '2019-01',
  time: '季度',
  selectBusinessCirle: '全部' }
[2019-03-18T14:50:11.929][ INFO  8020  index] req { startTime: '2018-01',
  endTime: '2019-01',
  time: '季度',
  selectBusinessCirle: '全部' }
[2019-03-18T14:50:11.939][ INFO  8020  index] req { startTime: '2018-01',
  endTime: '2019-01',
  time: '季度',
  selectBusinessCirle: '全部' }
[2019-03-18T14:50:25.060][ INFO  6204  index] req { startTime: '2018-01',
  endTime: '2019-01',
  time: '季度',
  selectBusinessCirle: '全部' }
[2019-03-18T14:50:25.154][ INFO  6204  index] req { startTime: '2018-01',
  endTime: '2019-01',
  time: '季度',
  selectBusinessCirle: '全部' }
[2019-03-18T14:50:33.981][ INFO  6204  index] req { startTime: '2018-01',
  endTime: '2019-01',
  time: '季度',
  selectBusinessCirle: '全部' }
[2019-03-18T14:50:34.008][ INFO  6204  index] req { startTime: '2018-01',
  endTime: '2019-01',
  time: '季度',
  selectBusinessCirle: '全部' }
[2019-03-18T14:51:16.244][ INFO  6204  index] req { startTime: '2018-01',
  endTime: '2019-01',
  time: '季度',
  selectBusinessCirle: '全部' }
[2019-03-18T14:51:16.371][ INFO  6204  index] req { startTime: '2018-01',
  endTime: '2019-01',
  time: '季度',
  selectBusinessCirle: '全部' }
[2019-03-18T14:51:29.230][ INFO  6204  index] req { startTime: '2018-01',
  endTime: '2019-01',
  time: '季度',
  selectBusinessCirle: '全部' }
[2019-03-18T14:51:29.442][ INFO  6204  index] req { startTime: '2018-01',
  endTime: '2019-01',
  time: '季度',
  selectBusinessCirle: '全部' }
[2019-03-18T14:51:41.196][ INFO  4864  index] req { startTime: '2018-01',
  endTime: '2019-01',
  time: '季度',
  selectBusinessCirle: '全部' }
[2019-03-18T14:51:41.309][ INFO  4864  index] req { startTime: '2018-01',
  endTime: '2019-01',
  time: '季度',
  selectBusinessCirle: '全部' }
[2019-03-18T15:00:50.342][ INFO  4864  index] req { startTime: '2018-01',
  endTime: '2019-01',
  time: '季度',
  selectBusinessCirle: '全部' }
[2019-03-18T15:00:50.363][ INFO  4864  index] req { startTime: '2018-01',
  endTime: '2019-01',
  time: '季度',
  selectBusinessCirle: '全部' }
[2019-03-18T15:00:59.742][ INFO  6964  index] req { startTime: '2018-01',
  endTime: '2019-01',
  time: '季度',
  selectBusinessCirle: '全部' }
[2019-03-18T15:00:59.835][ INFO  6964  index] req { startTime: '2018-01',
  endTime: '2019-01',
  time: '季度',
  selectBusinessCirle: '全部' }
[2019-03-18T15:01:07.113][ INFO  6964  index] req { startTime: '2018-01',
  endTime: '2019-01',
  time: '季度',
  selectBusinessCirle: '全部' }
[2019-03-18T15:01:07.130][ INFO  6964  index] req { startTime: '2018-01',
  endTime: '2019-01',
  time: '季度',
  selectBusinessCirle: '全部' }
[2019-03-18T15:02:21.978][ INFO  12140  index] req { startTime: '2018-01',
  endTime: '2019-01',
  time: '季度',
  selectBusinessCirle: '全部' }
[2019-03-18T15:02:22.120][ INFO  12140  index] req { startTime: '2018-01',
  endTime: '2019-01',
  time: '季度',
  selectBusinessCirle: '全部' }
[2019-03-18T15:02:26.842][ INFO  12140  index] req { startTime: '2018-01',
  endTime: '2019-01',
  time: '季度',
  selectBusinessCirle: '全部' }
[2019-03-18T15:02:26.938][ INFO  12140  index] req { startTime: '2018-01',
  endTime: '2019-01',
  time: '季度',
  selectBusinessCirle: '全部' }
[2019-03-18T15:02:40.677][ INFO  12140  index] req { startTime: '2018-01',
  endTime: '2019-01',
  time: '季度',
  selectBusinessCirle: '全部' }
[2019-03-18T15:02:40.684][ INFO  12140  index] req { startTime: '2018-01',
  endTime: '2019-01',
  time: '季度',
  selectBusinessCirle: '全部' }
[2019-03-18T15:03:59.645][ INFO  5712  index] req { startTime: '2018-01',
  endTime: '2019-01',
  time: '季度',
  selectBusinessCirle: '全部' }
[2019-03-18T15:04:00.108][ INFO  5712  index] req { startTime: '2018-01',
  endTime: '2019-01',
  time: '季度',
  selectBusinessCirle: '全部' }
[2019-03-18T15:05:01.353][ INFO  5712  index] req { startTime: '2018-01',
  endTime: '2019-01',
  time: '季度',
  selectBusinessCirle: '全部' }
[2019-03-18T15:05:01.408][ INFO  5712  index] req { startTime: '2018-01',
  endTime: '2019-01',
  time: '季度',
  selectBusinessCirle: '全部' }
[2019-03-18T15:05:15.718][ INFO  4808  index] req { startTime: '2018-01',
  endTime: '2019-01',
  time: '季度',
  selectBusinessCirle: '全部' }
[2019-03-18T15:05:16.041][ INFO  4808  index] req { startTime: '2018-01',
  endTime: '2019-01',
  time: '季度',
  selectBusinessCirle: '全部' }
[2019-03-18T15:05:54.008][ INFO  4808  index] req { startTime: '2018-01',
  endTime: '2019-01',
  time: '季度',
  selectBusinessCirle: '全部' }
[2019-03-18T15:05:54.025][ INFO  4808  index] req { startTime: '2018-01',
  endTime: '2019-01',
  time: '季度',
  selectBusinessCirle: '全部' }
[2019-03-18T15:06:06.497][ INFO  8764  index] req { startTime: '2018-01',
  endTime: '2019-01',
  time: '季度',
  selectBusinessCirle: '全部' }
[2019-03-18T15:06:06.915][ INFO  8764  index] req { startTime: '2018-01',
  endTime: '2019-01',
  time: '季度',
  selectBusinessCirle: '全部' }
[2019-03-18T15:06:23.332][ INFO  8764  index] req { startTime: '2018-01',
  endTime: '2019-01',
  time: '季度',
  selectBusinessCirle: '全部' }
[2019-03-18T15:06:23.368][ INFO  8764  index] req { startTime: '2018-01',
  endTime: '2019-01',
  time: '季度',
  selectBusinessCirle: '全部' }
[2019-03-18T15:06:41.056][ INFO  6376  index] req { startTime: '2018-01',
  endTime: '2019-01',
  time: '季度',
  selectBusinessCirle: '全部' }
[2019-03-18T15:06:41.153][ INFO  6376  index] req { startTime: '2018-01',
  endTime: '2019-01',
  time: '季度',
  selectBusinessCirle: '全部' }
[2019-03-18T15:06:54.932][ INFO  6376  index] req { startTime: '2018-01',
  endTime: '2019-01',
  time: '季度',
  selectBusinessCirle: '全部' }
[2019-03-18T15:06:54.959][ INFO  6376  index] req { startTime: '2018-01',
  endTime: '2019-01',
  time: '季度',
  selectBusinessCirle: '全部' }
[2019-03-18T15:07:01.384][ INFO  6376  index] req { startTime: '2018-01',
  endTime: '2019-01',
  time: '季度',
  selectBusinessCirle: '全部' }
[2019-03-18T15:07:01.609][ INFO  6376  index] req { startTime: '2018-01',
  endTime: '2019-01',
  time: '季度',
  selectBusinessCirle: '全部' }
[2019-03-18T15:07:14.804][ INFO  7924  index] req { startTime: '2018-01',
  endTime: '2019-01',
  time: '季度',
  selectBusinessCirle: '全部' }
[2019-03-18T15:07:14.907][ INFO  7924  index] req { startTime: '2018-01',
  endTime: '2019-01',
  time: '季度',
  selectBusinessCirle: '全部' }
[2019-03-18T15:07:30.320][ INFO  7924  index] req { startTime: '2018-01',
  endTime: '2019-01',
  time: '季度',
  selectBusinessCirle: '全部' }
[2019-03-18T15:07:30.372][ INFO  7924  index] req { startTime: '2018-01',
  endTime: '2019-01',
  time: '季度',
  selectBusinessCirle: '全部' }
[2019-03-18T15:07:55.536][ INFO  10752  index] req { startTime: '2018-01',
  endTime: '2019-01',
  time: '季度',
  selectBusinessCirle: '全部' }
[2019-03-18T15:07:55.833][ INFO  10752  index] req { startTime: '2018-01',
  endTime: '2019-01',
  time: '季度',
  selectBusinessCirle: '全部' }
[2019-03-18T15:09:09.901][ INFO  10752  index] req { startTime: '2018-01',
  endTime: '2019-01',
  time: '季度',
  selectBusinessCirle: '全部' }
[2019-03-18T15:09:09.909][ INFO  10752  index] req { startTime: '2018-01',
  endTime: '2019-01',
  time: '季度',
  selectBusinessCirle: '全部' }
[2019-03-18T15:09:17.392][ INFO  10752  index] req { startTime: '2018-01',
  endTime: '2019-01',
  time: '季度',
  selectBusinessCirle: '全部' }
[2019-03-18T15:09:17.473][ INFO  10752  index] req { startTime: '2018-01',
  endTime: '2019-01',
  time: '季度',
  selectBusinessCirle: '全部' }
[2019-03-18T15:09:28.646][ INFO  7972  index] req { startTime: '2018-01',
  endTime: '2019-01',
  time: '季度',
  selectBusinessCirle: '全部' }
[2019-03-18T15:09:28.828][ INFO  7972  index] req { startTime: '2018-01',
  endTime: '2019-01',
  time: '季度',
  selectBusinessCirle: '全部' }
[2019-03-18T15:10:26.831][ INFO  648  index] req { startTime: '2018-01',
  endTime: '2019-01',
  time: '季度',
  selectBusinessCirle: '全部' }
[2019-03-18T15:10:26.909][ INFO  648  index] req { startTime: '2018-01',
  endTime: '2019-01',
  time: '季度',
  selectBusinessCirle: '全部' }
[2019-03-18T15:11:16.190][ INFO  2252  index] req { startTime: '2018-01',
  endTime: '2019-01',
  time: '季度',
  selectBusinessCirle: '全部' }
[2019-03-18T15:11:16.339][ INFO  2252  index] req { startTime: '2018-01',
  endTime: '2019-01',
  time: '季度',
  selectBusinessCirle: '全部' }
[2019-03-18T15:11:29.374][ INFO  1260  index] req { startTime: '2018-01',
  endTime: '2019-01',
  time: '季度',
  selectBusinessCirle: '全部' }
[2019-03-18T15:11:29.522][ INFO  1260  index] req { startTime: '2018-01',
  endTime: '2019-01',
  time: '季度',
  selectBusinessCirle: '全部' }
[2019-03-18T16:08:54.455][ INFO  10228  index] 1698
[2019-03-18T16:08:55.953][ INFO  10228  index] req { startTime: '2018-01',
  endTime: '2019-01',
  time: '季度',
  selectBusinessCirle: '全部' }
[2019-03-18T16:08:56.041][ INFO  10228  index] req { startTime: '2018-01',
  endTime: '2019-01',
  time: '季度',
  selectBusinessCirle: '全部' }
[2019-03-18T16:09:31.120][ INFO  10608  index] req { startTime: '2018-01',
  endTime: '2019-01',
  time: '季度',
  selectBusinessCirle: '全部' }
[2019-03-18T16:09:31.355][ INFO  10608  index] req { startTime: '2018-01',
  endTime: '2019-01',
  time: '季度',
  selectBusinessCirle: '全部' }
[2019-03-18T16:26:58.840][ INFO  10608  index] req { startTime: '2018-01',
  endTime: '2019-01',
  time: '季度',
  selectBusinessCirle: '全部' }
[2019-03-18T16:26:58.852][ INFO  10608  index] req { startTime: '2018-01',
  endTime: '2019-01',
  time: '季度',
  selectBusinessCirle: '全部' }
[2019-03-18T16:27:07.799][ INFO  10608  index] 1698
[2019-03-18T16:27:09.095][ INFO  10608  index] req { startTime: '2018-01',
  endTime: '2019-01',
  time: '季度',
  selectBusinessCirle: '全部' }
[2019-03-18T16:27:09.129][ INFO  10608  index] req { startTime: '2018-01',
  endTime: '2019-01',
  time: '季度',
  selectBusinessCirle: '全部' }
[2019-03-18T16:29:02.145][ INFO  2852  index] req { startTime: '2018-01',
  endTime: '2019-01',
  time: '季度',
  selectBusinessCirle: '全部' }
[2019-03-18T16:29:02.202][ INFO  2852  index] req { startTime: '2018-01',
  endTime: '2019-01',
  time: '季度',
  selectBusinessCirle: '全部' }
[2019-03-18T16:30:02.289][ INFO  4232  index] req { startTime: '2018-01',
  endTime: '2019-01',
  time: '季度',
  selectBusinessCirle: '全部' }
[2019-03-18T16:30:02.482][ INFO  4232  index] req { startTime: '2018-01',
  endTime: '2019-01',
  time: '季度',
  selectBusinessCirle: '全部' }
[2019-03-18T16:31:24.502][ INFO  4232  index] req { startTime: '2018-01',
  endTime: '2019-01',
  time: '季度',
  selectBusinessCirle: '全部' }
[2019-03-18T16:31:24.517][ INFO  4232  index] req { startTime: '2018-01',
  endTime: '2019-01',
  time: '季度',
  selectBusinessCirle: '全部' }
[2019-03-18T16:32:20.431][ INFO  4232  index] req { startTime: '2018-01',
  endTime: '2019-01',
  time: '季度',
  selectBusinessCirle: '全部' }
[2019-03-18T16:32:20.568][ INFO  4232  index] req { startTime: '2018-01',
  endTime: '2019-01',
  time: '季度',
  selectBusinessCirle: '全部' }
[2019-03-18T16:32:28.297][ INFO  4232  index] req { startTime: '2018-01',
  endTime: '2019-01',
  time: '季度',
  selectBusinessCirle: '全部' }
[2019-03-18T16:32:28.329][ INFO  4232  index] req { startTime: '2018-01',
  endTime: '2019-01',
  time: '季度',
  selectBusinessCirle: '全部' }
[2019-03-18T16:32:35.406][ INFO  4232  index] 1698
[2019-03-18T16:32:36.707][ INFO  4232  index] req { startTime: '2018-01',
  endTime: '2019-01',
  time: '季度',
  selectBusinessCirle: '全部' }
[2019-03-18T16:32:36.756][ INFO  4232  index] req { startTime: '2018-01',
  endTime: '2019-01',
  time: '季度',
  selectBusinessCirle: '全部' }
[2019-03-18T16:36:42.274][ INFO  4232  index] req { startTime: '2018-01',
  endTime: '2019-01',
  time: '季度',
  selectBusinessCirle: '全部' }
[2019-03-18T16:36:42.318][ INFO  4232  index] req { startTime: '2018-01',
  endTime: '2019-01',
  time: '季度',
  selectBusinessCirle: '全部' }
[2019-03-18T16:39:37.788][ INFO  4232  index] req { startTime: '2018-01',
  endTime: '2019-01',
  time: '季度',
  selectBusinessCirle: '全部' }
[2019-03-18T16:39:37.810][ INFO  4232  index] req { startTime: '2018-01',
  endTime: '2019-01',
  time: '季度',
  selectBusinessCirle: '全部' }
[2019-03-18T16:40:19.602][ INFO  4232  index] req { startTime: '2018-01',
  endTime: '2019-01',
  time: '季度',
  selectBusinessCirle: '全部' }
[2019-03-18T16:40:19.655][ INFO  4232  index] req { startTime: '2018-01',
  endTime: '2019-01',
  time: '季度',
  selectBusinessCirle: '全部' }
[2019-03-18T16:41:19.546][ INFO  4232  index] req { startTime: '2018-01',
  endTime: '2019-01',
  time: '季度',
  selectBusinessCirle: '全部' }
[2019-03-18T16:41:19.556][ INFO  4232  index] req { startTime: '2018-01',
  endTime: '2019-01',
  time: '季度',
  selectBusinessCirle: '全部' }
[2019-03-18T16:41:23.157][ INFO  4232  index] req { startTime: '2018-01',
  endTime: '2019-01',
  time: '季度',
  selectBusinessCirle: '全部' }
[2019-03-18T16:41:23.167][ INFO  4232  index] req { startTime: '2018-01',
  endTime: '2019-01',
  time: '季度',
  selectBusinessCirle: '全部' }
[2019-03-18T16:42:59.198][ INFO  3172  index] req { startTime: '2018-01',
  endTime: '2019-01',
  time: '季度',
  selectBusinessCirle: '全部' }
[2019-03-18T16:42:59.370][ INFO  3172  index] req { startTime: '2018-01',
  endTime: '2019-01',
  time: '季度',
  selectBusinessCirle: '全部' }
[2019-03-18T16:43:48.784][ INFO  3172  index] 1698
[2019-03-18T16:43:50.287][ INFO  3172  index] req { startTime: '2018-01',
  endTime: '2019-01',
  time: '季度',
  selectBusinessCirle: '全部' }
[2019-03-18T16:43:50.290][ INFO  3172  index] req { startTime: '2018-01',
  endTime: '2019-01',
  time: '季度',
  selectBusinessCirle: '全部' }
[2019-03-18T16:44:14.839][ INFO  3172  index] req { startTime: '2018-01',
  endTime: '2019-01',
  time: '季度',
  selectBusinessCirle: '全部' }
[2019-03-18T16:44:14.866][ INFO  3172  index] req { startTime: '2018-01',
  endTime: '2019-01',
  time: '季度',
  selectBusinessCirle: '全部' }
[2019-03-18T16:45:35.225][ INFO  3172  index] 1698
[2019-03-18T16:45:36.382][ INFO  3172  index] req { startTime: '2018-01',
  endTime: '2019-01',
  time: '季度',
  selectBusinessCirle: '全部' }
[2019-03-18T16:45:36.410][ INFO  3172  index] req { startTime: '2018-01',
  endTime: '2019-01',
  time: '季度',
  selectBusinessCirle: '全部' }
[2019-03-18T16:47:45.478][ INFO  3172  index] req { startTime: '2018-01',
  endTime: '2019-01',
  time: '季度',
  selectBusinessCirle: '全部' }
[2019-03-18T16:47:45.498][ INFO  3172  index] req { startTime: '2018-01',
  endTime: '2019-01',
  time: '季度',
  selectBusinessCirle: '全部' }
[2019-03-18T16:48:02.026][ INFO  3172  index] 1698
[2019-03-18T16:48:03.279][ INFO  3172  index] req { startTime: '2018-01',
  endTime: '2019-01',
  time: '季度',
  selectBusinessCirle: '全部' }
[2019-03-18T16:48:03.298][ INFO  3172  index] req { startTime: '2018-01',
  endTime: '2019-01',
  time: '季度',
  selectBusinessCirle: '全部' }
[2019-03-18T16:48:23.864][ INFO  3172  index] req { startTime: '2018-01',
  endTime: '2019-01',
  time: '季度',
  selectBusinessCirle: '全部' }
[2019-03-18T16:48:23.925][ INFO  3172  index] req { startTime: '2018-01',
  endTime: '2019-01',
  time: '季度',
  selectBusinessCirle: '全部' }
